INFO: [VRFC 10-163] Analyzing VHDL file "C:/Users/Jonas/Nextcloud/Jugend Forscht/Simulation von Quantencomputern/Code/Versions/QuantumProcessor4.0/QuantumProcessor4.0.sim/sim_1/synth/func/xsim/quantumProcessor_tb_func_synth.vhd" into library xil_defaultlib
INFO: [VRFC 10-3107] analyzing entity 'ALU'
INFO: [VRFC 10-3107] analyzing entity 'ALU_6'
INFO: [VRFC 10-3107] analyzing entity 'ControlUnit'
INFO: [VRFC 10-3107] analyzing entity 'ProgramMemory'
INFO: [VRFC 10-3107] analyzing entity 'RAMController'
INFO: [VRFC 10-3107] analyzing entity 'StateMemory'
INFO: [VRFC 10-3107] analyzing entity 'Timer'
INFO: [VRFC 10-3107] analyzing entity 'adressTempCache'
INFO: [VRFC 10-3107] analyzing entity 'adressTempCache_4'
INFO: [VRFC 10-3107] analyzing entity 'bootloader'
INFO: [VRFC 10-3107] analyzing entity 'clockGenerator_clk_wiz'
INFO: [VRFC 10-3107] analyzing entity 'coreCache'
INFO: [VRFC 10-3107] analyzing entity 'coreCache_1'
INFO: [VRFC 10-3107] analyzing entity 'coreCache_10'
INFO: [VRFC 10-3107] analyzing entity 'coreCache_2'
INFO: [VRFC 10-3107] analyzing entity 'coreCache_3'
INFO: [VRFC 10-3107] analyzing entity 'coreCache_7'
INFO: [VRFC 10-3107] analyzing entity 'coreCache_8'
INFO: [VRFC 10-3107] analyzing entity 'coreCache_9'
INFO: [VRFC 10-3107] analyzing entity 'uartTransmitter'
INFO: [VRFC 10-3107] analyzing entity 'updateAandBCache'
INFO: [VRFC 10-3107] analyzing entity 'updateAandBCache_5'
INFO: [VRFC 10-3107] analyzing entity 'clockGenerator'
INFO: [VRFC 10-3107] analyzing entity 'processingCore'
INFO: [VRFC 10-3107] analyzing entity 'processingCore_0'
INFO: [VRFC 10-3107] analyzing entity 'quantumProcessor'
